[2026-06-11 14:31:18.043 +05:30 ERR] Hosting failed to start {"EventId":{"Id":11,"Name":"HostedServiceStartupFaulted"},"SourceContext":"Microsoft.Extensions.Hosting.Internal.Host"}
System.IO.IOException: Failed to bind to address http://127.0.0.1:5294: address already in use.
 ---> Microsoft.AspNetCore.Connections.AddressInUseException: Only one usage of each socket address (protocol/network address/port) is normally permitted.
 ---> System.Net.Sockets.SocketException (10048): Only one usage of each socket address (protocol/network address/port) is normally permitted.
   at System.Net.Sockets.Socket.UpdateStatusAfterSocketErrorAndThrowException(SocketError error, Boolean disconnectOnFailure, String callerName)
   at System.Net.Sockets.Socket.DoBind(EndPoint endPointSnapshot, SocketAddress socketAddress)
   at System.Net.Sockets.Socket.Bind(EndPoint localEP)
   at Microsoft.AspNetCore.Server.Kestrel.Transport.Sockets.SocketTransportOptions.CreateDefaultBoundListenSocket(EndPoint endpoint)
   at Microsoft.AspNetCore.Server.Kestrel.Transport.Sockets.SocketConnectionListener.Bind()
   --- End of inner exception stack trace ---
   at Microsoft.AspNetCore.Server.Kestrel.Transport.Sockets.SocketConnectionListener.Bind()
   at Microsoft.AspNetCore.Server.Kestrel.Transport.Sockets.SocketTransportFactory.BindAsync(EndPoint endpoint, CancellationToken cancellationToken)
   at Microsoft.AspNetCore.Server.Kestrel.Core.Internal.Infrastructure.TransportManager.BindAsync(EndPoint endPoint, ConnectionDelegate connectionDelegate, EndpointConfig endpointConfig, CancellationToken cancellationToken)
   at Microsoft.AspNetCore.Server.Kestrel.Core.KestrelServerImpl.<>c__DisplayClass28_0`1.<<StartAsync>g__OnBind|0>d.MoveNext()
--- End of stack trace from previous location ---
   at Microsoft.AspNetCore.Server.Kestrel.Core.Internal.AddressBinder.BindEndpointAsync(ListenOptions endpoint, AddressBindContext context, CancellationToken cancellationToken)
   --- End of inner exception stack trace ---
   at Microsoft.AspNetCore.Server.Kestrel.Core.Internal.AddressBinder.BindEndpointAsync(ListenOptions endpoint, AddressBindContext context, CancellationToken cancellationToken)
   at Microsoft.AspNetCore.Server.Kestrel.Core.LocalhostListenOptions.BindAsync(AddressBindContext context, CancellationToken cancellationToken)
   at Microsoft.AspNetCore.Server.Kestrel.Core.Internal.AddressBinder.AddressesStrategy.BindAsync(AddressBindContext context, CancellationToken cancellationToken)
   at Microsoft.AspNetCore.Server.Kestrel.Core.KestrelServerImpl.BindAsync(CancellationToken cancellationToken)
   at Microsoft.AspNetCore.Server.Kestrel.Core.KestrelServerImpl.StartAsync[TContext](IHttpApplication`1 application, CancellationToken cancellationToken)
   at Microsoft.AspNetCore.Hosting.GenericWebHostService.StartAsync(CancellationToken cancellationToken)
   at Microsoft.Extensions.Hosting.Internal.Host.<StartAsync>b__14_1(IHostedService service, CancellationToken token)
   at Microsoft.Extensions.Hosting.Internal.Host.ForeachService[T](IEnumerable`1 services, CancellationToken token, Boolean concurrent, Boolean abortOnFirstException, List`1 exceptions, Func`3 operation)
[2026-06-11 14:32:06.889 +05:30 INF] HTTP Request Started: GET / {"SourceContext":"InsuranceAssistant.RequestResponseLoggingMiddleware","RequestId":"0HNM7J0ED2K5A:00000001","RequestPath":"/","ConnectionId":"0HNM7J0ED2K5A","CorrelationId":"00-588a68118524eeb99dea6628180e5aa2-e1d0e0d15c97a9cb-00"}
[2026-06-11 14:32:07.076 +05:30 INF] HTTP Request Completed: GET /index.html responded 200 in 199.50ms {"SourceContext":"InsuranceAssistant.RequestResponseLoggingMiddleware","RequestId":"0HNM7J0ED2K5A:00000001","RequestPath":"/","ConnectionId":"0HNM7J0ED2K5A","CorrelationId":"00-588a68118524eeb99dea6628180e5aa2-e1d0e0d15c97a9cb-00"}
[2026-06-11 14:32:07.120 +05:30 INF] HTTP Request Started: GET /app.js {"SourceContext":"InsuranceAssistant.RequestResponseLoggingMiddleware","RequestId":"0HNM7J0ED2K5B:00000001","RequestPath":"/app.js","ConnectionId":"0HNM7J0ED2K5B","CorrelationId":"00-a187e4ce0b2b9d0243c7a70b46bbf557-9bb584e48c2ba53c-00"}
[2026-06-11 14:32:07.120 +05:30 INF] HTTP Request Started: GET /style.css {"SourceContext":"InsuranceAssistant.RequestResponseLoggingMiddleware","RequestId":"0HNM7J0ED2K5A:00000002","RequestPath":"/style.css","ConnectionId":"0HNM7J0ED2K5A","CorrelationId":"00-ea6fc55ee652d28dee77b117a56cb5f0-41d05093fe8102dc-00"}
[2026-06-11 14:32:07.137 +05:30 INF] HTTP Request Completed: GET /app.js responded 200 in 16.90ms {"SourceContext":"InsuranceAssistant.RequestResponseLoggingMiddleware","RequestId":"0HNM7J0ED2K5B:00000001","RequestPath":"/app.js","ConnectionId":"0HNM7J0ED2K5B","CorrelationId":"00-a187e4ce0b2b9d0243c7a70b46bbf557-9bb584e48c2ba53c-00"}
[2026-06-11 14:32:07.146 +05:30 INF] HTTP Request Completed: GET /style.css responded 200 in 25.65ms {"SourceContext":"InsuranceAssistant.RequestResponseLoggingMiddleware","RequestId":"0HNM7J0ED2K5A:00000002","RequestPath":"/style.css","ConnectionId":"0HNM7J0ED2K5A","CorrelationId":"00-ea6fc55ee652d28dee77b117a56cb5f0-41d05093fe8102dc-00"}
[2026-06-11 14:32:07.575 +05:30 INF] HTTP Request Started: GET /api/documents {"SourceContext":"InsuranceAssistant.RequestResponseLoggingMiddleware","RequestId":"0HNM7J0ED2K5A:00000003","RequestPath":"/api/documents","ConnectionId":"0HNM7J0ED2K5A","CorrelationId":"00-c71bfaf3f549269538763708f6632df3-abcc3f834c681cec-00"}
[2026-06-11 14:32:07.713 +05:30 INF] HTTP Request Started: GET /favicon.ico {"SourceContext":"InsuranceAssistant.RequestResponseLoggingMiddleware","RequestId":"0HNM7J0ED2K5B:00000002","RequestPath":"/favicon.ico","ConnectionId":"0HNM7J0ED2K5B","CorrelationId":"00-d071b1886dc5af52d6af5f127eae5e9d-41a6145e522ec646-00"}
[2026-06-11 14:32:07.734 +05:30 INF] HTTP Request Completed: GET /favicon.ico responded 404 in 20.32ms {"SourceContext":"InsuranceAssistant.RequestResponseLoggingMiddleware","RequestId":"0HNM7J0ED2K5B:00000002","RequestPath":"/favicon.ico","ConnectionId":"0HNM7J0ED2K5B","CorrelationId":"00-d071b1886dc5af52d6af5f127eae5e9d-41a6145e522ec646-00"}
[2026-06-11 14:32:08.831 +05:30 INF] HTTP Request Completed: GET /api/documents responded 200 in 1255.18ms {"SourceContext":"InsuranceAssistant.RequestResponseLoggingMiddleware","RequestId":"0HNM7J0ED2K5A:00000003","RequestPath":"/api/documents","ConnectionId":"0HNM7J0ED2K5A","CorrelationId":"00-c71bfaf3f549269538763708f6632df3-abcc3f834c681cec-00"}
[2026-06-11 14:34:12.992 +05:30 INF] HTTP Request Started: POST /api/documents/upload {"SourceContext":"InsuranceAssistant.RequestResponseLoggingMiddleware","RequestId":"0HNM7J0ED2K5A:00000004","RequestPath":"/api/documents/upload","ConnectionId":"0HNM7J0ED2K5A","CorrelationId":"00-b4e139d228fdc09725e5f323100f6906-9f70eef068fd89fc-00"}
[2026-06-11 14:34:17.236 +05:30 INF] HTTP Request Completed: POST /api/documents/upload responded 200 in 4243.90ms {"SourceContext":"InsuranceAssistant.RequestResponseLoggingMiddleware","RequestId":"0HNM7J0ED2K5A:00000004","RequestPath":"/api/documents/upload","ConnectionId":"0HNM7J0ED2K5A","CorrelationId":"00-b4e139d228fdc09725e5f323100f6906-9f70eef068fd89fc-00"}
[2026-06-11 14:34:17.240 +05:30 INF] HTTP Request Started: GET /api/documents {"SourceContext":"InsuranceAssistant.RequestResponseLoggingMiddleware","RequestId":"0HNM7J0ED2K5B:00000003","RequestPath":"/api/documents","ConnectionId":"0HNM7J0ED2K5B","CorrelationId":"00-44c1da46c5d1fd4ac438027e186e9d67-d7cd01de35ccc5f0-00"}
[2026-06-11 14:34:17.262 +05:30 INF] HTTP Request Completed: GET /api/documents responded 200 in 21.32ms {"SourceContext":"InsuranceAssistant.RequestResponseLoggingMiddleware","RequestId":"0HNM7J0ED2K5B:00000003","RequestPath":"/api/documents","ConnectionId":"0HNM7J0ED2K5B","CorrelationId":"00-44c1da46c5d1fd4ac438027e186e9d67-d7cd01de35ccc5f0-00"}
[2026-06-11 14:34:30.901 +05:30 INF] HTTP Request Started: POST /api/documents/upload {"SourceContext":"InsuranceAssistant.RequestResponseLoggingMiddleware","RequestId":"0HNM7J0ED2K5B:00000004","RequestPath":"/api/documents/upload","ConnectionId":"0HNM7J0ED2K5B","CorrelationId":"00-663cdb15a5b6ab757a6ba62b2d9c409a-822ee2d2cf913c5c-00"}
[2026-06-11 14:34:31.488 +05:30 INF] HTTP Request Completed: POST /api/documents/upload responded 200 in 586.44ms {"SourceContext":"InsuranceAssistant.RequestResponseLoggingMiddleware","RequestId":"0HNM7J0ED2K5B:00000004","RequestPath":"/api/documents/upload","ConnectionId":"0HNM7J0ED2K5B","CorrelationId":"00-663cdb15a5b6ab757a6ba62b2d9c409a-822ee2d2cf913c5c-00"}
[2026-06-11 14:34:31.491 +05:30 INF] HTTP Request Started: GET /api/documents {"SourceContext":"InsuranceAssistant.RequestResponseLoggingMiddleware","RequestId":"0HNM7J0ED2K5A:00000005","RequestPath":"/api/documents","ConnectionId":"0HNM7J0ED2K5A","CorrelationId":"00-37d2e0d164992b2a1d6afb4ed0bf0742-1b82126bb44178d4-00"}
[2026-06-11 14:34:31.514 +05:30 INF] HTTP Request Completed: GET /api/documents responded 200 in 22.46ms {"SourceContext":"InsuranceAssistant.RequestResponseLoggingMiddleware","RequestId":"0HNM7J0ED2K5A:00000005","RequestPath":"/api/documents","ConnectionId":"0HNM7J0ED2K5A","CorrelationId":"00-37d2e0d164992b2a1d6afb4ed0bf0742-1b82126bb44178d4-00"}
[2026-06-11 14:34:36.455 +05:30 INF] HTTP Request Started: GET /style.css {"SourceContext":"InsuranceAssistant.RequestResponseLoggingMiddleware","RequestId":"0HNM7J0ED2K5A:00000006","RequestPath":"/style.css","ConnectionId":"0HNM7J0ED2K5A","CorrelationId":"00-3fb5691971a0f8baf12136cc2fdb6362-5ba1305a81ea76b7-00"}
[2026-06-11 14:34:36.468 +05:30 INF] HTTP Request Completed: GET /style.css responded 304 in 13.78ms {"SourceContext":"InsuranceAssistant.RequestResponseLoggingMiddleware","RequestId":"0HNM7J0ED2K5A:00000006","RequestPath":"/style.css","ConnectionId":"0HNM7J0ED2K5A","CorrelationId":"00-3fb5691971a0f8baf12136cc2fdb6362-5ba1305a81ea76b7-00"}
[2026-06-11 14:34:36.496 +05:30 INF] HTTP Request Started: GET /api/documents {"SourceContext":"InsuranceAssistant.RequestResponseLoggingMiddleware","RequestId":"0HNM7J0ED2K5A:00000007","RequestPath":"/api/documents","ConnectionId":"0HNM7J0ED2K5A","CorrelationId":"00-6c57ad623dc6f80eea5afd96c0dc9d99-6a09650bda763520-00"}
[2026-06-11 14:34:36.514 +05:30 INF] HTTP Request Completed: GET /api/documents responded 200 in 17.79ms {"SourceContext":"InsuranceAssistant.RequestResponseLoggingMiddleware","RequestId":"0HNM7J0ED2K5A:00000007","RequestPath":"/api/documents","ConnectionId":"0HNM7J0ED2K5A","CorrelationId":"00-6c57ad623dc6f80eea5afd96c0dc9d99-6a09650bda763520-00"}
[2026-06-11 14:38:42.685 +05:30 INF] HTTP Request Started: DELETE /api/documents/auto_policy_2026.txt {"SourceContext":"InsuranceAssistant.RequestResponseLoggingMiddleware","RequestId":"0HNM7J0ED2K5C:00000001","RequestPath":"/api/documents/auto_policy_2026.txt","ConnectionId":"0HNM7J0ED2K5C","CorrelationId":"00-0440f91aca882b82b5bde26fd0be85ce-364f0190ef9bbf38-00"}
[2026-06-11 14:38:42.753 +05:30 INF] HTTP Request Completed: DELETE /api/documents/auto_policy_2026.txt responded 200 in 67.86ms {"SourceContext":"InsuranceAssistant.RequestResponseLoggingMiddleware","RequestId":"0HNM7J0ED2K5C:00000001","RequestPath":"/api/documents/auto_policy_2026.txt","ConnectionId":"0HNM7J0ED2K5C","CorrelationId":"00-0440f91aca882b82b5bde26fd0be85ce-364f0190ef9bbf38-00"}
[2026-06-11 14:38:42.768 +05:30 INF] HTTP Request Started: GET /api/documents {"SourceContext":"InsuranceAssistant.RequestResponseLoggingMiddleware","RequestId":"0HNM7J0ED2K5D:00000001","RequestPath":"/api/documents","ConnectionId":"0HNM7J0ED2K5D","CorrelationId":"00-533bb3fb4b201cb83b3c29a529e0caa5-e0ec863ede48650a-00"}
[2026-06-11 14:38:42.815 +05:30 INF] HTTP Request Completed: GET /api/documents responded 200 in 47.17ms {"SourceContext":"InsuranceAssistant.RequestResponseLoggingMiddleware","RequestId":"0HNM7J0ED2K5D:00000001","RequestPath":"/api/documents","ConnectionId":"0HNM7J0ED2K5D","CorrelationId":"00-533bb3fb4b201cb83b3c29a529e0caa5-e0ec863ede48650a-00"}
[2026-06-11 14:38:47.100 +05:30 INF] HTTP Request Started: DELETE /api/documents/auto_claim_john_doe.txt {"SourceContext":"InsuranceAssistant.RequestResponseLoggingMiddleware","RequestId":"0HNM7J0ED2K5D:00000002","RequestPath":"/api/documents/auto_claim_john_doe.txt","ConnectionId":"0HNM7J0ED2K5D","CorrelationId":"00-1b42d1a8cffe2987fdbbf3ee729b4fe9-ce39c6073bfec499-00"}
[2026-06-11 14:38:47.144 +05:30 INF] HTTP Request Completed: DELETE /api/documents/auto_claim_john_doe.txt responded 200 in 43.75ms {"SourceContext":"InsuranceAssistant.RequestResponseLoggingMiddleware","RequestId":"0HNM7J0ED2K5D:00000002","RequestPath":"/api/documents/auto_claim_john_doe.txt","ConnectionId":"0HNM7J0ED2K5D","CorrelationId":"00-1b42d1a8cffe2987fdbbf3ee729b4fe9-ce39c6073bfec499-00"}
[2026-06-11 14:38:47.151 +05:30 INF] HTTP Request Started: GET /api/documents {"SourceContext":"InsuranceAssistant.RequestResponseLoggingMiddleware","RequestId":"0HNM7J0ED2K5C:00000002","RequestPath":"/api/documents","ConnectionId":"0HNM7J0ED2K5C","CorrelationId":"00-9073a1ca2755eb7edecd8c1c606ca605-16da91c2a2cf75b7-00"}
[2026-06-11 14:38:47.191 +05:30 INF] HTTP Request Completed: GET /api/documents responded 200 in 40.56ms {"SourceContext":"InsuranceAssistant.RequestResponseLoggingMiddleware","RequestId":"0HNM7J0ED2K5C:00000002","RequestPath":"/api/documents","ConnectionId":"0HNM7J0ED2K5C","CorrelationId":"00-9073a1ca2755eb7edecd8c1c606ca605-16da91c2a2cf75b7-00"}
[2026-06-11 14:39:24.535 +05:30 INF] HTTP Request Started: POST /api/documents/upload {"SourceContext":"InsuranceAssistant.RequestResponseLoggingMiddleware","RequestId":"0HNM7J0ED2K5C:00000003","RequestPath":"/api/documents/upload","ConnectionId":"0HNM7J0ED2K5C","CorrelationId":"00-db68e99bb5255aa6f4771878558b79d8-267675322b70777c-00"}
[2026-06-11 14:39:27.113 +05:30 INF] HTTP Request Completed: POST /api/documents/upload responded 200 in 2578.44ms {"SourceContext":"InsuranceAssistant.RequestResponseLoggingMiddleware","RequestId":"0HNM7J0ED2K5C:00000003","RequestPath":"/api/documents/upload","ConnectionId":"0HNM7J0ED2K5C","CorrelationId":"00-db68e99bb5255aa6f4771878558b79d8-267675322b70777c-00"}
[2026-06-11 14:39:27.118 +05:30 INF] HTTP Request Started: GET /api/documents {"SourceContext":"InsuranceAssistant.RequestResponseLoggingMiddleware","RequestId":"0HNM7J0ED2K5D:00000003","RequestPath":"/api/documents","ConnectionId":"0HNM7J0ED2K5D","CorrelationId":"00-8a3bcee010f82f328fcba8b95aa8018e-77d8261433f37ee7-00"}
[2026-06-11 14:39:27.158 +05:30 INF] HTTP Request Completed: GET /api/documents responded 200 in 40.29ms {"SourceContext":"InsuranceAssistant.RequestResponseLoggingMiddleware","RequestId":"0HNM7J0ED2K5D:00000003","RequestPath":"/api/documents","ConnectionId":"0HNM7J0ED2K5D","CorrelationId":"00-8a3bcee010f82f328fcba8b95aa8018e-77d8261433f37ee7-00"}
[2026-06-11 14:39:53.859 +05:30 INF] HTTP Request Started: POST /api/documents/upload {"SourceContext":"InsuranceAssistant.RequestResponseLoggingMiddleware","RequestId":"0HNM7J0ED2K5D:00000004","RequestPath":"/api/documents/upload","ConnectionId":"0HNM7J0ED2K5D","CorrelationId":"00-d992dc9981ed9dc027f066fc816fbfa6-b3ab98dfe2123286-00"}
[2026-06-11 14:39:54.516 +05:30 INF] HTTP Request Completed: POST /api/documents/upload responded 200 in 656.53ms {"SourceContext":"InsuranceAssistant.RequestResponseLoggingMiddleware","RequestId":"0HNM7J0ED2K5D:00000004","RequestPath":"/api/documents/upload","ConnectionId":"0HNM7J0ED2K5D","CorrelationId":"00-d992dc9981ed9dc027f066fc816fbfa6-b3ab98dfe2123286-00"}
[2026-06-11 14:39:54.519 +05:30 INF] HTTP Request Started: GET /api/documents {"SourceContext":"InsuranceAssistant.RequestResponseLoggingMiddleware","RequestId":"0HNM7J0ED2K5C:00000004","RequestPath":"/api/documents","ConnectionId":"0HNM7J0ED2K5C","CorrelationId":"00-6dfebb067afe39af55b75f8b2b095813-58d1003b84ecbd67-00"}
[2026-06-11 14:39:54.538 +05:30 INF] HTTP Request Completed: GET /api/documents responded 200 in 18.44ms {"SourceContext":"InsuranceAssistant.RequestResponseLoggingMiddleware","RequestId":"0HNM7J0ED2K5C:00000004","RequestPath":"/api/documents","ConnectionId":"0HNM7J0ED2K5C","CorrelationId":"00-6dfebb067afe39af55b75f8b2b095813-58d1003b84ecbd67-00"}
[2026-06-11 14:46:48.410 +05:30 INF] HTTP Request Started: POST /api/assistant/query {"SourceContext":"InsuranceAssistant.RequestResponseLoggingMiddleware","RequestId":"0HNM7J0ED2K5E:00000001","RequestPath":"/api/assistant/query","ConnectionId":"0HNM7J0ED2K5E","CorrelationId":"00-1844025aadaa2bbe2d2f108b348d4403-fec47c1f54abb07e-00"}
[2026-06-11 14:47:37.318 +05:30 INF] HTTP Request Completed: POST /api/assistant/query responded 200 in 48907.63ms {"SourceContext":"InsuranceAssistant.RequestResponseLoggingMiddleware","RequestId":"0HNM7J0ED2K5E:00000001","RequestPath":"/api/assistant/query","ConnectionId":"0HNM7J0ED2K5E","CorrelationId":"00-1844025aadaa2bbe2d2f108b348d4403-fec47c1f54abb07e-00"}
[2026-06-11 14:47:55.179 +05:30 INF] HTTP Request Started: POST /api/assistant/query {"SourceContext":"InsuranceAssistant.RequestResponseLoggingMiddleware","RequestId":"0HNM7J0ED2K5E:00000002","RequestPath":"/api/assistant/query","ConnectionId":"0HNM7J0ED2K5E","CorrelationId":"00-38be1144ff872fe6ba29b8e9d6564f46-41b5344a8636868b-00"}
[2026-06-11 14:48:13.182 +05:30 INF] HTTP Request Completed: POST /api/assistant/query responded 200 in 18003.26ms {"SourceContext":"InsuranceAssistant.RequestResponseLoggingMiddleware","RequestId":"0HNM7J0ED2K5E:00000002","RequestPath":"/api/assistant/query","ConnectionId":"0HNM7J0ED2K5E","CorrelationId":"00-38be1144ff872fe6ba29b8e9d6564f46-41b5344a8636868b-00"}
[2026-06-11 14:49:18.042 +05:30 INF] HTTP Request Started: POST /api/assistant/query {"SourceContext":"InsuranceAssistant.RequestResponseLoggingMiddleware","RequestId":"0HNM7J0ED2K5E:00000003","RequestPath":"/api/assistant/query","ConnectionId":"0HNM7J0ED2K5E","CorrelationId":"00-b2ee251b2e2a0b06e47fd9346bf5282c-6dab9ba63d4f9cac-00"}
[2026-06-11 14:49:54.524 +05:30 INF] HTTP Request Completed: POST /api/assistant/query responded 200 in 36482.72ms {"SourceContext":"InsuranceAssistant.RequestResponseLoggingMiddleware","RequestId":"0HNM7J0ED2K5E:00000003","RequestPath":"/api/assistant/query","ConnectionId":"0HNM7J0ED2K5E","CorrelationId":"00-b2ee251b2e2a0b06e47fd9346bf5282c-6dab9ba63d4f9cac-00"}
[2026-06-11 14:50:22.429 +05:30 INF] HTTP Request Started: POST /api/assistant/query {"SourceContext":"InsuranceAssistant.RequestResponseLoggingMiddleware","RequestId":"0HNM7J0ED2K5E:00000004","RequestPath":"/api/assistant/query","ConnectionId":"0HNM7J0ED2K5E","CorrelationId":"00-26c99119474ed6c052cfa0e89b472cfe-bfbb92e9afaf9e3d-00"}
[2026-06-11 14:50:52.760 +05:30 INF] HTTP Request Completed: POST /api/assistant/query responded 200 in 30331.86ms {"SourceContext":"InsuranceAssistant.RequestResponseLoggingMiddleware","RequestId":"0HNM7J0ED2K5E:00000004","RequestPath":"/api/assistant/query","ConnectionId":"0HNM7J0ED2K5E","CorrelationId":"00-26c99119474ed6c052cfa0e89b472cfe-bfbb92e9afaf9e3d-00"}
[2026-06-11 14:51:44.332 +05:30 INF] HTTP Request Started: POST /api/assistant/query {"SourceContext":"InsuranceAssistant.RequestResponseLoggingMiddleware","RequestId":"0HNM7J0ED2K5E:00000005","RequestPath":"/api/assistant/query","ConnectionId":"0HNM7J0ED2K5E","CorrelationId":"00-c45e3e344478b4dd0722b8d9801f60e5-5ab46e70b2b52ee5-00"}
[2026-06-11 14:51:53.866 +05:30 INF] HTTP Request Completed: POST /api/assistant/query responded 200 in 9533.60ms {"SourceContext":"InsuranceAssistant.RequestResponseLoggingMiddleware","RequestId":"0HNM7J0ED2K5E:00000005","RequestPath":"/api/assistant/query","ConnectionId":"0HNM7J0ED2K5E","CorrelationId":"00-c45e3e344478b4dd0722b8d9801f60e5-5ab46e70b2b52ee5-00"}
